# JRE version: OpenJDK Runtime Environment (24.0.1+9) (build 24.0.1+9-30)
# Java VM: OpenJDK 64-Bit Server VM (24.0.1+9-30, mixed mode, emulated-client, sharing, tiered, compressed oops, compressed class ptrs, g1 gc, windows-amd64)
GC Precious Log:
 CardTable entry size: 512
 Card Set container configuration: InlinePtr #cards 4 size 8 Array Of Cards #cards 16 size 48 Howl #buckets 8 coarsen threshold 3686 Howl Bitmap #cards 512 size 80 coarsen threshold 460 Card regions per heap region 1 cards per card region 4096
 CPUs: 12 total, 12 available
 Memory: 14177M
 Large Page Support: Disabled
 NUMA Support: Disabled
 Compressed Oops: Enabled (Zero based)
 Heap Region Size: 2M
 Heap Min Capacity: 8M
 Heap Initial Capacity: 222M
 Heap Max Capacity: 3546M
 Pre-touch: Disabled
 Parallel Workers: 10
 Concurrent Workers: 3
 Concurrent Refinement Workers: 10
 Periodic GC: Disabled
Heap:
 garbage-first heap   total reserved 3631104K, committed 55296K, used 30277K [0x0000000722600000, 0x0000000800000000)
  region size 2048K, 3 young (6144K), 2 survivors (4096K)
 Metaspace       used 50585K, committed 51136K, reserved 1114112K
  class space    used 5701K, committed 5952K, reserved 1048576K
GC Heap History (20 events):
Event: 3.296 GC heap before
{Heap before GC invocations=1 (full 0):
 garbage-first heap   total reserved 3631104K, committed 229376K, used 59721K [0x0000000722600000, 0x0000000800000000)
  region size 2048K, 28 young (57344K), 3 survivors (6144K)
 Metaspace       used 21164K, committed 21504K, reserved 1114112K
  class space    used 2267K, committed 2432K, reserved 1048576K
}
Event: 3.304 GC heap after
{Heap after GC invocations=2 (full 0):
 garbage-first heap   total reserved 3631104K, committed 229376K, used 14646K [0x0000000722600000, 0x0000000800000000)
  region size 2048K, 5 young (10240K), 5 survivors (10240K)
 Metaspace       used 21164K, committed 21504K, reserved 1114112K
  class space    used 2267K, committed 2432K, reserved 1048576K
}
Event: 3.770 GC heap before
{Heap before GC invocations=3 (full 0):
 garbage-first heap   total reserved 3631104K, committed 55296K, used 37174K [0x0000000722600000, 0x0000000800000000)
  region size 2048K, 16 young (32768K), 5 survivors (10240K)
 Metaspace       used 23230K, committed 23552K, reserved 1114112K
  class space    used 2511K, committed 2624K, reserved 1048576K
}
Event: 3.778 GC heap after
{Heap after GC invocations=4 (full 0):
 garbage-first heap   total reserved 3631104K, committed 55296K, used 16027K [0x0000000722600000, 0x0000000800000000)
  region size 2048K, 2 young (4096K), 2 survivors (4096K)
 Metaspace       used 23230K, committed 23552K, reserved 1114112K
  class space    used 2511K, committed 2624K, reserved 1048576K
}
Event: 4.179 GC heap before
{Heap before GC invocations=4 (full 0):
 garbage-first heap   total reserved 3631104K, committed 55296K, used 36507K [0x0000000722600000, 0x0000000800000000)
  region size 2048K, 12 young (24576K), 2 survivors (4096K)
 Metaspace       used 25952K, committed 26368K, reserved 1114112K
  class space    used 2864K, committed 3008K, reserved 1048576K
}
Event: 4.184 GC heap after
{Heap after GC invocations=5 (full 0):
 garbage-first heap   total reserved 3631104K, committed 55296K, used 17834K [0x0000000722600000, 0x0000000800000000)
  region size 2048K, 2 young (4096K), 2 survivors (4096K)
 Metaspace       used 25952K, committed 26368K, reserved 1114112K
  class space    used 2864K, committed 3008K, reserved 1048576K
}
Event: 4.616 GC heap before
{Heap before GC invocations=5 (full 0):
 garbage-first heap   total reserved 3631104K, committed 55296K, used 40362K [0x0000000722600000, 0x0000000800000000)
  region size 2048K, 13 young (26624K), 2 survivors (4096K)
 Metaspace       used 28992K, committed 29376K, reserved 1114112K
  class space    used 3242K, committed 3392K, reserved 1048576K
}
Event: 4.620 GC heap after
{Heap after GC invocations=6 (full 0):
 garbage-first heap   total reserved 3631104K, committed 55296K, used 19950K [0x0000000722600000, 0x0000000800000000)
  region size 2048K, 2 young (4096K), 2 survivors (4096K)
 Metaspace       used 28992K, committed 29376K, reserved 1114112K
  class space    used 3242K, committed 3392K, reserved 1048576K
}
Event: 5.072 GC heap before
{Heap before GC invocations=6 (full 0):
 garbage-first heap   total reserved 3631104K, committed 55296K, used 40430K [0x0000000722600000, 0x0000000800000000)
  region size 2048K, 13 young (26624K), 2 survivors (4096K)
 Metaspace       used 34021K, committed 34496K, reserved 1114112K
  class space    used 3778K, committed 3968K, reserved 1048576K
}
Event: 5.076 GC heap after
{Heap after GC invocations=7 (full 0):
 garbage-first heap   total reserved 3631104K, committed 55296K, used 20955K [0x0000000722600000, 0x0000000800000000)
  region size 2048K, 2 young (4096K), 2 survivors (4096K)
 Metaspace       used 34021K, committed 34496K, reserved 1114112K
  class space    used 3778K, committed 3968K, reserved 1048576K
}
Event: 5.208 GC heap before
{Heap before GC invocations=7 (full 0):
 garbage-first heap   total reserved 3631104K, committed 55296K, used 25051K [0x0000000722600000, 0x0000000800000000)
  region size 2048K, 6 young (12288K), 2 survivors (4096K)
 Metaspace       used 35533K, committed 35968K, reserved 1114112K
  class space    used 3981K, committed 4160K, reserved 1048576K
}
Event: 5.212 GC heap after
{Heap after GC invocations=8 (full 0):
 garbage-first heap   total reserved 3631104K, committed 55296K, used 21638K [0x0000000722600000, 0x0000000800000000)
  region size 2048K, 1 young (2048K), 1 survivors (2048K)
 Metaspace       used 35533K, committed 35968K, reserved 1114112K
  class space    used 3981K, committed 4160K, reserved 1048576K
}
Event: 6.744 GC heap before
{Heap before GC invocations=9 (full 0):
 garbage-first heap   total reserved 3631104K, committed 55296K, used 44166K [0x0000000722600000, 0x0000000800000000)
  region size 2048K, 12 young (24576K), 1 survivors (2048K)
 Metaspace       used 41708K, committed 42112K, reserved 1114112K
  class space    used 4578K, committed 4736K, reserved 1048576K
}
Event: 6.748 GC heap after
{Heap after GC invocations=10 (full 0):
 garbage-first heap   total reserved 3631104K, committed 55296K, used 23151K [0x0000000722600000, 0x0000000800000000)
  region size 2048K, 2 young (4096K), 2 survivors (4096K)
 Metaspace       used 41708K, committed 42112K, reserved 1114112K
  class space    used 4578K, committed 4736K, reserved 1048576K
}
Event: 7.313 GC heap before
{Heap before GC invocations=10 (full 0):
 garbage-first heap   total reserved 3631104K, committed 55296K, used 43631K [0x0000000722600000, 0x0000000800000000)
  region size 2048K, 12 young (24576K), 2 survivors (4096K)
 Metaspace       used 45612K, committed 46080K, reserved 1114112K
  class space    used 5083K, committed 5248K, reserved 1048576K
}
Event: 7.318 GC heap after
{Heap after GC invocations=11 (full 0):
 garbage-first heap   total reserved 3631104K, committed 55296K, used 24956K [0x0000000722600000, 0x0000000800000000)
  region size 2048K, 2 young (4096K), 2 survivors (4096K)
 Metaspace       used 45612K, committed 46080K, reserved 1114112K
  class space    used 5083K, committed 5248K, reserved 1048576K
}
Event: 7.823 GC heap before
{Heap before GC invocations=11 (full 0):
 garbage-first heap   total reserved 3631104K, committed 55296K, used 45436K [0x0000000722600000, 0x0000000800000000)
  region size 2048K, 12 young (24576K), 2 survivors (4096K)
 Metaspace       used 48867K, committed 49408K, reserved 1114112K
  class space    used 5460K, committed 5696K, reserved 1048576K
}
Event: 7.828 GC heap after
{Heap after GC invocations=12 (full 0):
 garbage-first heap   total reserved 3631104K, committed 55296K, used 27097K [0x0000000722600000, 0x0000000800000000)
  region size 2048K, 2 young (4096K), 2 survivors (4096K)
 Metaspace       used 48867K, committed 49408K, reserved 1114112K
  class space    used 5460K, committed 5696K, reserved 1048576K
}
Event: 18.413 GC heap before
{Heap before GC invocations=12 (full 0):
 garbage-first heap   total reserved 3631104K, committed 55296K, used 45529K [0x0000000722600000, 0x0000000800000000)
  region size 2048K, 11 young (22528K), 2 survivors (4096K)
 Metaspace       used 50545K, committed 51072K, reserved 1114112K
  class space    used 5696K, committed 5952K, reserved 1048576K
}
Event: 18.419 GC heap after
{Heap after GC invocations=13 (full 0):
 garbage-first heap   total reserved 3631104K, committed 55296K, used 30277K [0x0000000722600000, 0x0000000800000000)
  region size 2048K, 2 young (4096K), 2 survivors (4096K)
 Metaspace       used 50545K, committed 51072K, reserved 1114112K
  class space    used 5696K, committed 5952K, reserved 1048576K
}

